<?xml version="1.0" encoding="UTF-8" ?>
<testsuite failures="0" time="0.257" errors="0" skipped="0" tests="6" name="vendingMachineApp.VendingMachineImplTest">
  <properties>
[...]
</properties>
  <testcase time="0.113" classname="vendingMachineApp.VendingMachineImplTest" name="testPrepareOrder_NotEnoughMoney"/>
  <testcase time="0.132" classname="vendingMachineApp.VendingMachineImplTest" name="testRetrieveAllProducts"/>
  <testcase time="0.001" classname="vendingMachineApp.VendingMachineImplTest" name="testAbortPurchase_WhenNotPrepared"/>
  <testcase time="0.002" classname="vendingMachineApp.VendingMachineImplTest" name="testPlaceOrderAndConfirmPurchase_NotEnoughProducts"/>
  <testcase time="0.008" classname="vendingMachineApp.VendingMachineImplTest" name="testRetrieveProductsAndPrices"/>
  <testcase time="0.001" classname="vendingMachineApp.VendingMachineImplTest" name="testConfirmPurchase_WhenNotPrepared"/>
</testsuite>